2025-04-26 21:05:12,044 | 2025-04-27 03:19:06+00:00 [Note] [Entrypoint]: Entrypoint script for MySQL Server 8.4.5-1.el9 started.
2025-04-26 21:05:12,044 | 2025-04-27 03:19:06+00:00 [Note] [Entrypoint]: Switching to dedicated user 'mysql'
2025-04-26 21:05:12,044 | 2025-04-27 03:19:06+00:00 [Note] [Entrypoint]: Entrypoint script for MySQL Server 8.4.5-1.el9 started.
2025-04-26 21:05:12,045 | 2025-04-27 03:19:06+00:00 [Note] [Entrypoint]: Initializing database files
2025-04-26 21:05:12,045 | 2025-04-27T03:19:06.707937Z 0 [System] [MY-015017] [Server] MySQL Server Initialization - start.
2025-04-26 21:05:12,045 | 2025-04-27T03:19:06.708879Z 0 [System] [MY-013169] [Server] /usr/sbin/mysqld (mysqld 8.4.5) initializing of server in progress as process 80
2025-04-26 21:05:12,045 | 2025-04-27T03:19:06.714025Z 1 [System] [MY-013576] [InnoDB] InnoDB initialization has started.
2025-04-26 21:05:12,045 | 2025-04-27T03:19:06.878273Z 1 [System] [MY-013577] [InnoDB] InnoDB initialization has ended.
2025-04-26 21:05:12,046 | 2025-04-27T03:19:07.749924Z 6 [Warning] [MY-010453] [Server] root@localhost is created with an empty password ! Please consider switching off the --initialize-insecure option.
2025-04-26 21:05:12,046 | 2025-04-27T03:19:09.565411Z 0 [System] [MY-015018] [Server] MySQL Server Initialization - end.
2025-04-26 21:05:12,046 | 2025-04-27 03:19:09+00:00 [Note] [Entrypoint]: Database files initialized
2025-04-26 21:05:12,046 | 2025-04-27 03:19:09+00:00 [Note] [Entrypoint]: Starting temporary server
2025-04-26 21:05:12,046 | 2025-04-27T03:19:09.691128Z 0 [System] [MY-015015] [Server] MySQL Server - start.
2025-04-26 21:05:12,047 | 2025-04-27T03:19:09.857412Z 0 [System] [MY-010116] [Server] /usr/sbin/mysqld (mysqld 8.4.5) starting as process 125
2025-04-26 21:05:12,047 | 2025-04-27T03:19:09.870505Z 1 [System] [MY-013576] [InnoDB] InnoDB initialization has started.
2025-04-26 21:05:12,047 | 2025-04-27T03:19:10.045443Z 1 [System] [MY-013577] [InnoDB] InnoDB initialization has ended.
2025-04-26 21:05:12,047 | 2025-04-27T03:19:10.273656Z 0 [Warning] [MY-010068] [Server] CA certificate ca.pem is self signed.
2025-04-26 21:05:12,047 | 2025-04-27T03:19:10.273689Z 0 [System] [MY-013602] [Server] Channel mysql_main configured to support TLS. Encrypted connections are now supported for this channel.
2025-04-26 21:05:12,047 | 2025-04-27T03:19:10.276148Z 0 [Warning] [MY-011810] [Server] Insecure configuration for --pid-file: Location '/var/run/mysqld' in the path is accessible to all OS users. Consider choosing a different directory.
2025-04-26 21:05:12,048 | 2025-04-27T03:19:10.296893Z 0 [System] [MY-011323] [Server] X Plugin ready for connections. Socket: /var/run/mysqld/mysqlx.sock
2025-04-26 21:05:12,048 | 2025-04-27T03:19:10.296982Z 0 [System] [MY-010931] [Server] /usr/sbin/mysqld: ready for connections. Version: '8.4.5'  socket: '/var/run/mysqld/mysqld.sock'  port: 0  MySQL Community Server - GPL.
2025-04-26 21:05:12,048 | 2025-04-27 03:19:10+00:00 [Note] [Entrypoint]: Temporary server started.
2025-04-26 21:05:12,048 | '/var/lib/mysql/mysql.sock' -> '/var/run/mysqld/mysqld.sock'
2025-04-26 21:05:12,048 | Warning: Unable to load '/usr/share/zoneinfo/iso3166.tab' as time zone. Skipping it.
2025-04-26 21:05:12,048 | Warning: Unable to load '/usr/share/zoneinfo/leap-seconds.list' as time zone. Skipping it.
2025-04-26 21:05:12,048 | Warning: Unable to load '/usr/share/zoneinfo/leapseconds' as time zone. Skipping it.
2025-04-26 21:05:12,049 | Warning: Unable to load '/usr/share/zoneinfo/tzdata.zi' as time zone. Skipping it.
2025-04-26 21:05:12,049 | Warning: Unable to load '/usr/share/zoneinfo/zone.tab' as time zone. Skipping it.
2025-04-26 21:05:12,049 | Warning: Unable to load '/usr/share/zoneinfo/zone1970.tab' as time zone. Skipping it.
2025-04-26 21:05:12,049 | 
2025-04-26 21:05:12,049 | 2025-04-27 03:19:11+00:00 [Note] [Entrypoint]: Stopping temporary server
2025-04-26 21:05:12,049 | 2025-04-27T03:19:11.960918Z 10 [System] [MY-013172] [Server] Received SHUTDOWN from user root. Shutting down mysqld (Version: 8.4.5).
2025-04-26 21:05:12,049 | 2025-04-27T03:19:12.670120Z 0 [System] [MY-010910] [Server] /usr/sbin/mysqld: Shutdown complete (mysqld 8.4.5)  MySQL Community Server - GPL.
2025-04-26 21:05:12,049 | 2025-04-27T03:19:12.670148Z 0 [System] [MY-015016] [Server] MySQL Server - end.
2025-04-26 21:05:12,050 | 2025-04-27 03:19:12+00:00 [Note] [Entrypoint]: Temporary server stopped
2025-04-26 21:05:12,050 | 
2025-04-26 21:05:12,050 | 2025-04-27 03:19:12+00:00 [Note] [Entrypoint]: MySQL init process done. Ready for start up.
2025-04-26 21:05:12,050 | 
2025-04-26 21:05:12,050 | 2025-04-27T03:19:12.975978Z 0 [System] [MY-015015] [Server] MySQL Server - start.
2025-04-26 21:05:12,050 | 2025-04-27T03:19:13.141424Z 0 [System] [MY-010116] [Server] /usr/sbin/mysqld (mysqld 8.4.5) starting as process 1
2025-04-26 21:05:12,050 | 2025-04-27T03:19:13.150471Z 1 [System] [MY-013576] [InnoDB] InnoDB initialization has started.
2025-04-26 21:05:12,051 | 2025-04-27T03:19:13.299597Z 1 [System] [MY-013577] [InnoDB] InnoDB initialization has ended.
2025-04-26 21:05:12,051 | 2025-04-27T03:19:13.508990Z 0 [Warning] [MY-010068] [Server] CA certificate ca.pem is self signed.
2025-04-26 21:05:12,051 | 2025-04-27T03:19:13.509028Z 0 [System] [MY-013602] [Server] Channel mysql_main configured to support TLS. Encrypted connections are now supported for this channel.
2025-04-26 21:05:12,051 | 2025-04-27T03:19:13.510778Z 0 [Warning] [MY-011810] [Server] Insecure configuration for --pid-file: Location '/var/run/mysqld' in the path is accessible to all OS users. Consider choosing a different directory.
2025-04-26 21:05:12,051 | 2025-04-27T03:19:13.529786Z 0 [System] [MY-011323] [Server] X Plugin ready for connections. Bind-address: '::' port: 33060, socket: /var/run/mysqld/mysqlx.sock
2025-04-26 21:05:12,051 | 2025-04-27T03:19:13.529861Z 0 [System] [MY-010931] [Server] /usr/sbin/mysqld: ready for connections. Version: '8.4.5'  socket: '/var/run/mysqld/mysqld.sock'  port: 3306  MySQL Community Server - GPL.
2025-04-26 21:05:34,849 | 2025-04-27 03:19:06+00:00 [Note] [Entrypoint]: Entrypoint script for MySQL Server 8.4.5-1.el9 started.
2025-04-26 21:05:34,849 | 2025-04-27 03:19:06+00:00 [Note] [Entrypoint]: Switching to dedicated user 'mysql'
2025-04-26 21:05:34,849 | 2025-04-27 03:19:06+00:00 [Note] [Entrypoint]: Entrypoint script for MySQL Server 8.4.5-1.el9 started.
2025-04-26 21:05:34,849 | 2025-04-27 03:19:06+00:00 [Note] [Entrypoint]: Initializing database files
2025-04-26 21:05:34,850 | 2025-04-27T03:19:06.707937Z 0 [System] [MY-015017] [Server] MySQL Server Initialization - start.
2025-04-26 21:05:34,850 | 2025-04-27T03:19:06.708879Z 0 [System] [MY-013169] [Server] /usr/sbin/mysqld (mysqld 8.4.5) initializing of server in progress as process 80
2025-04-26 21:05:34,850 | 2025-04-27T03:19:06.714025Z 1 [System] [MY-013576] [InnoDB] InnoDB initialization has started.
2025-04-26 21:05:34,850 | 2025-04-27T03:19:06.878273Z 1 [System] [MY-013577] [InnoDB] InnoDB initialization has ended.
2025-04-26 21:05:34,850 | 2025-04-27T03:19:07.749924Z 6 [Warning] [MY-010453] [Server] root@localhost is created with an empty password ! Please consider switching off the --initialize-insecure option.
2025-04-26 21:05:34,851 | 2025-04-27T03:19:09.565411Z 0 [System] [MY-015018] [Server] MySQL Server Initialization - end.
2025-04-26 21:05:34,851 | 2025-04-27 03:19:09+00:00 [Note] [Entrypoint]: Database files initialized
2025-04-26 21:05:34,851 | 2025-04-27 03:19:09+00:00 [Note] [Entrypoint]: Starting temporary server
2025-04-26 21:05:34,851 | 2025-04-27T03:19:09.691128Z 0 [System] [MY-015015] [Server] MySQL Server - start.
2025-04-26 21:05:34,851 | 2025-04-27T03:19:09.857412Z 0 [System] [MY-010116] [Server] /usr/sbin/mysqld (mysqld 8.4.5) starting as process 125
2025-04-26 21:05:34,851 | 2025-04-27T03:19:09.870505Z 1 [System] [MY-013576] [InnoDB] InnoDB initialization has started.
2025-04-26 21:05:34,852 | 2025-04-27T03:19:10.045443Z 1 [System] [MY-013577] [InnoDB] InnoDB initialization has ended.
2025-04-26 21:05:34,852 | 2025-04-27T03:19:10.273656Z 0 [Warning] [MY-010068] [Server] CA certificate ca.pem is self signed.
2025-04-26 21:05:34,852 | 2025-04-27T03:19:10.273689Z 0 [System] [MY-013602] [Server] Channel mysql_main configured to support TLS. Encrypted connections are now supported for this channel.
2025-04-26 21:05:34,852 | 2025-04-27T03:19:10.276148Z 0 [Warning] [MY-011810] [Server] Insecure configuration for --pid-file: Location '/var/run/mysqld' in the path is accessible to all OS users. Consider choosing a different directory.
2025-04-26 21:05:34,852 | 2025-04-27T03:19:10.296893Z 0 [System] [MY-011323] [Server] X Plugin ready for connections. Socket: /var/run/mysqld/mysqlx.sock
2025-04-26 21:05:34,852 | 2025-04-27T03:19:10.296982Z 0 [System] [MY-010931] [Server] /usr/sbin/mysqld: ready for connections. Version: '8.4.5'  socket: '/var/run/mysqld/mysqld.sock'  port: 0  MySQL Community Server - GPL.
2025-04-26 21:05:34,853 | 2025-04-27 03:19:10+00:00 [Note] [Entrypoint]: Temporary server started.
2025-04-26 21:05:34,853 | '/var/lib/mysql/mysql.sock' -> '/var/run/mysqld/mysqld.sock'
2025-04-26 21:05:34,853 | Warning: Unable to load '/usr/share/zoneinfo/iso3166.tab' as time zone. Skipping it.
2025-04-26 21:05:34,853 | Warning: Unable to load '/usr/share/zoneinfo/leap-seconds.list' as time zone. Skipping it.
2025-04-26 21:05:34,853 | Warning: Unable to load '/usr/share/zoneinfo/leapseconds' as time zone. Skipping it.
2025-04-26 21:05:34,854 | Warning: Unable to load '/usr/share/zoneinfo/tzdata.zi' as time zone. Skipping it.
2025-04-26 21:05:34,854 | Warning: Unable to load '/usr/share/zoneinfo/zone.tab' as time zone. Skipping it.
2025-04-26 21:05:34,854 | Warning: Unable to load '/usr/share/zoneinfo/zone1970.tab' as time zone. Skipping it.
2025-04-26 21:05:34,854 | 
2025-04-26 21:05:34,854 | 2025-04-27 03:19:11+00:00 [Note] [Entrypoint]: Stopping temporary server
2025-04-26 21:05:34,854 | 2025-04-27T03:19:11.960918Z 10 [System] [MY-013172] [Server] Received SHUTDOWN from user root. Shutting down mysqld (Version: 8.4.5).
2025-04-26 21:05:34,854 | 2025-04-27T03:19:12.670120Z 0 [System] [MY-010910] [Server] /usr/sbin/mysqld: Shutdown complete (mysqld 8.4.5)  MySQL Community Server - GPL.
2025-04-26 21:05:34,854 | 2025-04-27T03:19:12.670148Z 0 [System] [MY-015016] [Server] MySQL Server - end.
2025-04-26 21:05:34,855 | 2025-04-27 03:19:12+00:00 [Note] [Entrypoint]: Temporary server stopped
2025-04-26 21:05:34,855 | 
2025-04-26 21:05:34,855 | 2025-04-27 03:19:12+00:00 [Note] [Entrypoint]: MySQL init process done. Ready for start up.
2025-04-26 21:05:34,855 | 
2025-04-26 21:05:34,855 | 2025-04-27T03:19:12.975978Z 0 [System] [MY-015015] [Server] MySQL Server - start.
2025-04-26 21:05:34,855 | 2025-04-27T03:19:13.141424Z 0 [System] [MY-010116] [Server] /usr/sbin/mysqld (mysqld 8.4.5) starting as process 1
2025-04-26 21:05:34,855 | 2025-04-27T03:19:13.150471Z 1 [System] [MY-013576] [InnoDB] InnoDB initialization has started.
2025-04-26 21:05:34,855 | 2025-04-27T03:19:13.299597Z 1 [System] [MY-013577] [InnoDB] InnoDB initialization has ended.
2025-04-26 21:05:34,856 | 2025-04-27T03:19:13.508990Z 0 [Warning] [MY-010068] [Server] CA certificate ca.pem is self signed.
2025-04-26 21:05:34,856 | 2025-04-27T03:19:13.509028Z 0 [System] [MY-013602] [Server] Channel mysql_main configured to support TLS. Encrypted connections are now supported for this channel.
2025-04-26 21:05:34,856 | 2025-04-27T03:19:13.510778Z 0 [Warning] [MY-011810] [Server] Insecure configuration for --pid-file: Location '/var/run/mysqld' in the path is accessible to all OS users. Consider choosing a different directory.
2025-04-26 21:05:34,856 | 2025-04-27T03:19:13.529786Z 0 [System] [MY-011323] [Server] X Plugin ready for connections. Bind-address: '::' port: 33060, socket: /var/run/mysqld/mysqlx.sock
2025-04-26 21:05:34,856 | 2025-04-27T03:19:13.529861Z 0 [System] [MY-010931] [Server] /usr/sbin/mysqld: ready for connections. Version: '8.4.5'  socket: '/var/run/mysqld/mysqld.sock'  port: 3306  MySQL Community Server - GPL.
2025-04-26 21:07:29,140 | 2025-04-27 03:19:06+00:00 [Note] [Entrypoint]: Entrypoint script for MySQL Server 8.4.5-1.el9 started.
2025-04-26 21:07:29,140 | 2025-04-27 03:19:06+00:00 [Note] [Entrypoint]: Switching to dedicated user 'mysql'
2025-04-26 21:07:29,140 | 2025-04-27 03:19:06+00:00 [Note] [Entrypoint]: Entrypoint script for MySQL Server 8.4.5-1.el9 started.
2025-04-26 21:07:29,140 | 2025-04-27 03:19:06+00:00 [Note] [Entrypoint]: Initializing database files
2025-04-26 21:07:29,140 | 2025-04-27T03:19:06.707937Z 0 [System] [MY-015017] [Server] MySQL Server Initialization - start.
2025-04-26 21:07:29,141 | 2025-04-27T03:19:06.708879Z 0 [System] [MY-013169] [Server] /usr/sbin/mysqld (mysqld 8.4.5) initializing of server in progress as process 80
2025-04-26 21:07:29,141 | 2025-04-27T03:19:06.714025Z 1 [System] [MY-013576] [InnoDB] InnoDB initialization has started.
2025-04-26 21:07:29,141 | 2025-04-27T03:19:06.878273Z 1 [System] [MY-013577] [InnoDB] InnoDB initialization has ended.
2025-04-26 21:07:29,142 | 2025-04-27T03:19:07.749924Z 6 [Warning] [MY-010453] [Server] root@localhost is created with an empty password ! Please consider switching off the --initialize-insecure option.
2025-04-26 21:07:29,142 | 2025-04-27T03:19:09.565411Z 0 [System] [MY-015018] [Server] MySQL Server Initialization - end.
2025-04-26 21:07:29,142 | 2025-04-27 03:19:09+00:00 [Note] [Entrypoint]: Database files initialized
2025-04-26 21:07:29,142 | 2025-04-27 03:19:09+00:00 [Note] [Entrypoint]: Starting temporary server
2025-04-26 21:07:29,142 | 2025-04-27T03:19:09.691128Z 0 [System] [MY-015015] [Server] MySQL Server - start.
2025-04-26 21:07:29,143 | 2025-04-27T03:19:09.857412Z 0 [System] [MY-010116] [Server] /usr/sbin/mysqld (mysqld 8.4.5) starting as process 125
2025-04-26 21:07:29,143 | 2025-04-27T03:19:09.870505Z 1 [System] [MY-013576] [InnoDB] InnoDB initialization has started.
2025-04-26 21:07:29,143 | 2025-04-27T03:19:10.045443Z 1 [System] [MY-013577] [InnoDB] InnoDB initialization has ended.
2025-04-26 21:07:29,143 | 2025-04-27T03:19:10.273656Z 0 [Warning] [MY-010068] [Server] CA certificate ca.pem is self signed.
2025-04-26 21:07:29,143 | 2025-04-27T03:19:10.273689Z 0 [System] [MY-013602] [Server] Channel mysql_main configured to support TLS. Encrypted connections are now supported for this channel.
2025-04-26 21:07:29,144 | 2025-04-27T03:19:10.276148Z 0 [Warning] [MY-011810] [Server] Insecure configuration for --pid-file: Location '/var/run/mysqld' in the path is accessible to all OS users. Consider choosing a different directory.
2025-04-26 21:07:29,144 | 2025-04-27T03:19:10.296893Z 0 [System] [MY-011323] [Server] X Plugin ready for connections. Socket: /var/run/mysqld/mysqlx.sock
2025-04-26 21:07:29,144 | 2025-04-27T03:19:10.296982Z 0 [System] [MY-010931] [Server] /usr/sbin/mysqld: ready for connections. Version: '8.4.5'  socket: '/var/run/mysqld/mysqld.sock'  port: 0  MySQL Community Server - GPL.
2025-04-26 21:07:29,144 | 2025-04-27 03:19:10+00:00 [Note] [Entrypoint]: Temporary server started.
2025-04-26 21:07:29,144 | '/var/lib/mysql/mysql.sock' -> '/var/run/mysqld/mysqld.sock'
2025-04-26 21:07:29,144 | Warning: Unable to load '/usr/share/zoneinfo/iso3166.tab' as time zone. Skipping it.
2025-04-26 21:07:29,145 | Warning: Unable to load '/usr/share/zoneinfo/leap-seconds.list' as time zone. Skipping it.
2025-04-26 21:07:29,145 | Warning: Unable to load '/usr/share/zoneinfo/leapseconds' as time zone. Skipping it.
2025-04-26 21:07:29,145 | Warning: Unable to load '/usr/share/zoneinfo/tzdata.zi' as time zone. Skipping it.
2025-04-26 21:07:29,145 | Warning: Unable to load '/usr/share/zoneinfo/zone.tab' as time zone. Skipping it.
2025-04-26 21:07:29,145 | Warning: Unable to load '/usr/share/zoneinfo/zone1970.tab' as time zone. Skipping it.
2025-04-26 21:07:29,145 | 
2025-04-26 21:07:29,145 | 2025-04-27 03:19:11+00:00 [Note] [Entrypoint]: Stopping temporary server
2025-04-26 21:07:29,146 | 2025-04-27T03:19:11.960918Z 10 [System] [MY-013172] [Server] Received SHUTDOWN from user root. Shutting down mysqld (Version: 8.4.5).
2025-04-26 21:07:29,146 | 2025-04-27T03:19:12.670120Z 0 [System] [MY-010910] [Server] /usr/sbin/mysqld: Shutdown complete (mysqld 8.4.5)  MySQL Community Server - GPL.
2025-04-26 21:07:29,146 | 2025-04-27T03:19:12.670148Z 0 [System] [MY-015016] [Server] MySQL Server - end.
2025-04-26 21:07:29,146 | 2025-04-27 03:19:12+00:00 [Note] [Entrypoint]: Temporary server stopped
2025-04-26 21:07:29,146 | 
2025-04-26 21:07:29,146 | 2025-04-27 03:19:12+00:00 [Note] [Entrypoint]: MySQL init process done. Ready for start up.
2025-04-26 21:07:29,146 | 
2025-04-26 21:07:29,147 | 2025-04-27T03:19:12.975978Z 0 [System] [MY-015015] [Server] MySQL Server - start.
2025-04-26 21:07:29,147 | 2025-04-27T03:19:13.141424Z 0 [System] [MY-010116] [Server] /usr/sbin/mysqld (mysqld 8.4.5) starting as process 1
2025-04-26 21:07:29,147 | 2025-04-27T03:19:13.150471Z 1 [System] [MY-013576] [InnoDB] InnoDB initialization has started.
2025-04-26 21:07:29,147 | 2025-04-27T03:19:13.299597Z 1 [System] [MY-013577] [InnoDB] InnoDB initialization has ended.
2025-04-26 21:07:29,147 | 2025-04-27T03:19:13.508990Z 0 [Warning] [MY-010068] [Server] CA certificate ca.pem is self signed.
2025-04-26 21:07:29,147 | 2025-04-27T03:19:13.509028Z 0 [System] [MY-013602] [Server] Channel mysql_main configured to support TLS. Encrypted connections are now supported for this channel.
2025-04-26 21:07:29,147 | 2025-04-27T03:19:13.510778Z 0 [Warning] [MY-011810] [Server] Insecure configuration for --pid-file: Location '/var/run/mysqld' in the path is accessible to all OS users. Consider choosing a different directory.
2025-04-26 21:07:29,147 | 2025-04-27T03:19:13.529786Z 0 [System] [MY-011323] [Server] X Plugin ready for connections. Bind-address: '::' port: 33060, socket: /var/run/mysqld/mysqlx.sock
2025-04-26 21:07:29,148 | 2025-04-27T03:19:13.529861Z 0 [System] [MY-010931] [Server] /usr/sbin/mysqld: ready for connections. Version: '8.4.5'  socket: '/var/run/mysqld/mysqld.sock'  port: 3306  MySQL Community Server - GPL.
2025-04-26 21:11:08,385 | 2025-04-27 03:19:06+00:00 [Note] [Entrypoint]: Entrypoint script for MySQL Server 8.4.5-1.el9 started.
2025-04-26 21:11:08,386 | 2025-04-27 03:19:06+00:00 [Note] [Entrypoint]: Switching to dedicated user 'mysql'
2025-04-26 21:11:08,386 | 2025-04-27 03:19:06+00:00 [Note] [Entrypoint]: Entrypoint script for MySQL Server 8.4.5-1.el9 started.
2025-04-26 21:11:08,386 | 2025-04-27 03:19:06+00:00 [Note] [Entrypoint]: Initializing database files
2025-04-26 21:11:08,386 | 2025-04-27T03:19:06.707937Z 0 [System] [MY-015017] [Server] MySQL Server Initialization - start.
2025-04-26 21:11:08,386 | 2025-04-27T03:19:06.708879Z 0 [System] [MY-013169] [Server] /usr/sbin/mysqld (mysqld 8.4.5) initializing of server in progress as process 80
2025-04-26 21:11:08,386 | 2025-04-27T03:19:06.714025Z 1 [System] [MY-013576] [InnoDB] InnoDB initialization has started.
2025-04-26 21:11:08,387 | 2025-04-27T03:19:06.878273Z 1 [System] [MY-013577] [InnoDB] InnoDB initialization has ended.
2025-04-26 21:11:08,387 | 2025-04-27T03:19:07.749924Z 6 [Warning] [MY-010453] [Server] root@localhost is created with an empty password ! Please consider switching off the --initialize-insecure option.
2025-04-26 21:11:08,387 | 2025-04-27T03:19:09.565411Z 0 [System] [MY-015018] [Server] MySQL Server Initialization - end.
2025-04-26 21:11:08,387 | 2025-04-27 03:19:09+00:00 [Note] [Entrypoint]: Database files initialized
2025-04-26 21:11:08,387 | 2025-04-27 03:19:09+00:00 [Note] [Entrypoint]: Starting temporary server
2025-04-26 21:11:08,388 | 2025-04-27T03:19:09.691128Z 0 [System] [MY-015015] [Server] MySQL Server - start.
2025-04-26 21:11:08,388 | 2025-04-27T03:19:09.857412Z 0 [System] [MY-010116] [Server] /usr/sbin/mysqld (mysqld 8.4.5) starting as process 125
2025-04-26 21:11:08,388 | 2025-04-27T03:19:09.870505Z 1 [System] [MY-013576] [InnoDB] InnoDB initialization has started.
2025-04-26 21:11:08,388 | 2025-04-27T03:19:10.045443Z 1 [System] [MY-013577] [InnoDB] InnoDB initialization has ended.
2025-04-26 21:11:08,389 | 2025-04-27T03:19:10.273656Z 0 [Warning] [MY-010068] [Server] CA certificate ca.pem is self signed.
2025-04-26 21:11:08,389 | 2025-04-27T03:19:10.273689Z 0 [System] [MY-013602] [Server] Channel mysql_main configured to support TLS. Encrypted connections are now supported for this channel.
2025-04-26 21:11:08,389 | 2025-04-27T03:19:10.276148Z 0 [Warning] [MY-011810] [Server] Insecure configuration for --pid-file: Location '/var/run/mysqld' in the path is accessible to all OS users. Consider choosing a different directory.
2025-04-26 21:11:08,389 | 2025-04-27T03:19:10.296893Z 0 [System] [MY-011323] [Server] X Plugin ready for connections. Socket: /var/run/mysqld/mysqlx.sock
2025-04-26 21:11:08,389 | 2025-04-27T03:19:10.296982Z 0 [System] [MY-010931] [Server] /usr/sbin/mysqld: ready for connections. Version: '8.4.5'  socket: '/var/run/mysqld/mysqld.sock'  port: 0  MySQL Community Server - GPL.
2025-04-26 21:11:08,390 | 2025-04-27 03:19:10+00:00 [Note] [Entrypoint]: Temporary server started.
2025-04-26 21:11:08,390 | '/var/lib/mysql/mysql.sock' -> '/var/run/mysqld/mysqld.sock'
2025-04-26 21:11:08,390 | Warning: Unable to load '/usr/share/zoneinfo/iso3166.tab' as time zone. Skipping it.
2025-04-26 21:11:08,390 | Warning: Unable to load '/usr/share/zoneinfo/leap-seconds.list' as time zone. Skipping it.
2025-04-26 21:11:08,390 | Warning: Unable to load '/usr/share/zoneinfo/leapseconds' as time zone. Skipping it.
2025-04-26 21:11:08,390 | Warning: Unable to load '/usr/share/zoneinfo/tzdata.zi' as time zone. Skipping it.
2025-04-26 21:11:08,391 | Warning: Unable to load '/usr/share/zoneinfo/zone.tab' as time zone. Skipping it.
2025-04-26 21:11:08,391 | Warning: Unable to load '/usr/share/zoneinfo/zone1970.tab' as time zone. Skipping it.
2025-04-26 21:11:08,391 | 
2025-04-26 21:11:08,391 | 2025-04-27 03:19:11+00:00 [Note] [Entrypoint]: Stopping temporary server
2025-04-26 21:11:08,391 | 2025-04-27T03:19:11.960918Z 10 [System] [MY-013172] [Server] Received SHUTDOWN from user root. Shutting down mysqld (Version: 8.4.5).
2025-04-26 21:11:08,391 | 2025-04-27T03:19:12.670120Z 0 [System] [MY-010910] [Server] /usr/sbin/mysqld: Shutdown complete (mysqld 8.4.5)  MySQL Community Server - GPL.
2025-04-26 21:11:08,391 | 2025-04-27T03:19:12.670148Z 0 [System] [MY-015016] [Server] MySQL Server - end.
2025-04-26 21:11:08,392 | 2025-04-27 03:19:12+00:00 [Note] [Entrypoint]: Temporary server stopped
2025-04-26 21:11:08,392 | 
2025-04-26 21:11:08,392 | 2025-04-27 03:19:12+00:00 [Note] [Entrypoint]: MySQL init process done. Ready for start up.
2025-04-26 21:11:08,392 | 
2025-04-26 21:11:08,392 | 2025-04-27T03:19:12.975978Z 0 [System] [MY-015015] [Server] MySQL Server - start.
2025-04-26 21:11:08,392 | 2025-04-27T03:19:13.141424Z 0 [System] [MY-010116] [Server] /usr/sbin/mysqld (mysqld 8.4.5) starting as process 1
2025-04-26 21:11:08,393 | 2025-04-27T03:19:13.150471Z 1 [System] [MY-013576] [InnoDB] InnoDB initialization has started.
2025-04-26 21:11:08,393 | 2025-04-27T03:19:13.299597Z 1 [System] [MY-013577] [InnoDB] InnoDB initialization has ended.
2025-04-26 21:11:08,393 | 2025-04-27T03:19:13.508990Z 0 [Warning] [MY-010068] [Server] CA certificate ca.pem is self signed.
2025-04-26 21:11:08,393 | 2025-04-27T03:19:13.509028Z 0 [System] [MY-013602] [Server] Channel mysql_main configured to support TLS. Encrypted connections are now supported for this channel.
2025-04-26 21:11:08,393 | 2025-04-27T03:19:13.510778Z 0 [Warning] [MY-011810] [Server] Insecure configuration for --pid-file: Location '/var/run/mysqld' in the path is accessible to all OS users. Consider choosing a different directory.
2025-04-26 21:11:08,393 | 2025-04-27T03:19:13.529786Z 0 [System] [MY-011323] [Server] X Plugin ready for connections. Bind-address: '::' port: 33060, socket: /var/run/mysqld/mysqlx.sock
2025-04-26 21:11:08,393 | 2025-04-27T03:19:13.529861Z 0 [System] [MY-010931] [Server] /usr/sbin/mysqld: ready for connections. Version: '8.4.5'  socket: '/var/run/mysqld/mysqld.sock'  port: 3306  MySQL Community Server - GPL.
2025-04-26 21:12:47,136 | 2025-04-27 03:19:06+00:00 [Note] [Entrypoint]: Entrypoint script for MySQL Server 8.4.5-1.el9 started.
2025-04-26 21:12:47,136 | 2025-04-27 03:19:06+00:00 [Note] [Entrypoint]: Switching to dedicated user 'mysql'
2025-04-26 21:12:47,136 | 2025-04-27 03:19:06+00:00 [Note] [Entrypoint]: Entrypoint script for MySQL Server 8.4.5-1.el9 started.
2025-04-26 21:12:47,136 | 2025-04-27 03:19:06+00:00 [Note] [Entrypoint]: Initializing database files
2025-04-26 21:12:47,137 | 2025-04-27T03:19:06.707937Z 0 [System] [MY-015017] [Server] MySQL Server Initialization - start.
2025-04-26 21:12:47,137 | 2025-04-27T03:19:06.708879Z 0 [System] [MY-013169] [Server] /usr/sbin/mysqld (mysqld 8.4.5) initializing of server in progress as process 80
2025-04-26 21:12:47,137 | 2025-04-27T03:19:06.714025Z 1 [System] [MY-013576] [InnoDB] InnoDB initialization has started.
2025-04-26 21:12:47,137 | 2025-04-27T03:19:06.878273Z 1 [System] [MY-013577] [InnoDB] InnoDB initialization has ended.
2025-04-26 21:12:47,138 | 2025-04-27T03:19:07.749924Z 6 [Warning] [MY-010453] [Server] root@localhost is created with an empty password ! Please consider switching off the --initialize-insecure option.
2025-04-26 21:12:47,138 | 2025-04-27T03:19:09.565411Z 0 [System] [MY-015018] [Server] MySQL Server Initialization - end.
2025-04-26 21:12:47,138 | 2025-04-27 03:19:09+00:00 [Note] [Entrypoint]: Database files initialized
2025-04-26 21:12:47,138 | 2025-04-27 03:19:09+00:00 [Note] [Entrypoint]: Starting temporary server
2025-04-26 21:12:47,138 | 2025-04-27T03:19:09.691128Z 0 [System] [MY-015015] [Server] MySQL Server - start.
2025-04-26 21:12:47,139 | 2025-04-27T03:19:09.857412Z 0 [System] [MY-010116] [Server] /usr/sbin/mysqld (mysqld 8.4.5) starting as process 125
2025-04-26 21:12:47,139 | 2025-04-27T03:19:09.870505Z 1 [System] [MY-013576] [InnoDB] InnoDB initialization has started.
2025-04-26 21:12:47,139 | 2025-04-27T03:19:10.045443Z 1 [System] [MY-013577] [InnoDB] InnoDB initialization has ended.
2025-04-26 21:12:47,139 | 2025-04-27T03:19:10.273656Z 0 [Warning] [MY-010068] [Server] CA certificate ca.pem is self signed.
2025-04-26 21:12:47,139 | 2025-04-27T03:19:10.273689Z 0 [System] [MY-013602] [Server] Channel mysql_main configured to support TLS. Encrypted connections are now supported for this channel.
2025-04-26 21:12:47,140 | 2025-04-27T03:19:10.276148Z 0 [Warning] [MY-011810] [Server] Insecure configuration for --pid-file: Location '/var/run/mysqld' in the path is accessible to all OS users. Consider choosing a different directory.
2025-04-26 21:12:47,140 | 2025-04-27T03:19:10.296893Z 0 [System] [MY-011323] [Server] X Plugin ready for connections. Socket: /var/run/mysqld/mysqlx.sock
2025-04-26 21:12:47,140 | 2025-04-27T03:19:10.296982Z 0 [System] [MY-010931] [Server] /usr/sbin/mysqld: ready for connections. Version: '8.4.5'  socket: '/var/run/mysqld/mysqld.sock'  port: 0  MySQL Community Server - GPL.
2025-04-26 21:12:47,140 | 2025-04-27 03:19:10+00:00 [Note] [Entrypoint]: Temporary server started.
2025-04-26 21:12:47,140 | '/var/lib/mysql/mysql.sock' -> '/var/run/mysqld/mysqld.sock'
2025-04-26 21:12:47,140 | Warning: Unable to load '/usr/share/zoneinfo/iso3166.tab' as time zone. Skipping it.
2025-04-26 21:12:47,141 | Warning: Unable to load '/usr/share/zoneinfo/leap-seconds.list' as time zone. Skipping it.
2025-04-26 21:12:47,141 | Warning: Unable to load '/usr/share/zoneinfo/leapseconds' as time zone. Skipping it.
2025-04-26 21:12:47,141 | Warning: Unable to load '/usr/share/zoneinfo/tzdata.zi' as time zone. Skipping it.
2025-04-26 21:12:47,141 | Warning: Unable to load '/usr/share/zoneinfo/zone.tab' as time zone. Skipping it.
2025-04-26 21:12:47,141 | Warning: Unable to load '/usr/share/zoneinfo/zone1970.tab' as time zone. Skipping it.
2025-04-26 21:12:47,141 | 
2025-04-26 21:12:47,141 | 2025-04-27 03:19:11+00:00 [Note] [Entrypoint]: Stopping temporary server
2025-04-26 21:12:47,141 | 2025-04-27T03:19:11.960918Z 10 [System] [MY-013172] [Server] Received SHUTDOWN from user root. Shutting down mysqld (Version: 8.4.5).
2025-04-26 21:12:47,141 | 2025-04-27T03:19:12.670120Z 0 [System] [MY-010910] [Server] /usr/sbin/mysqld: Shutdown complete (mysqld 8.4.5)  MySQL Community Server - GPL.
2025-04-26 21:12:47,142 | 2025-04-27T03:19:12.670148Z 0 [System] [MY-015016] [Server] MySQL Server - end.
2025-04-26 21:12:47,142 | 2025-04-27 03:19:12+00:00 [Note] [Entrypoint]: Temporary server stopped
2025-04-26 21:12:47,142 | 
2025-04-26 21:12:47,142 | 2025-04-27 03:19:12+00:00 [Note] [Entrypoint]: MySQL init process done. Ready for start up.
2025-04-26 21:12:47,142 | 
2025-04-26 21:12:47,142 | 2025-04-27T03:19:12.975978Z 0 [System] [MY-015015] [Server] MySQL Server - start.
2025-04-26 21:12:47,142 | 2025-04-27T03:19:13.141424Z 0 [System] [MY-010116] [Server] /usr/sbin/mysqld (mysqld 8.4.5) starting as process 1
2025-04-26 21:12:47,142 | 2025-04-27T03:19:13.150471Z 1 [System] [MY-013576] [InnoDB] InnoDB initialization has started.
2025-04-26 21:12:47,143 | 2025-04-27T03:19:13.299597Z 1 [System] [MY-013577] [InnoDB] InnoDB initialization has ended.
2025-04-26 21:12:47,143 | 2025-04-27T03:19:13.508990Z 0 [Warning] [MY-010068] [Server] CA certificate ca.pem is self signed.
2025-04-26 21:12:47,143 | 2025-04-27T03:19:13.509028Z 0 [System] [MY-013602] [Server] Channel mysql_main configured to support TLS. Encrypted connections are now supported for this channel.
2025-04-26 21:12:47,143 | 2025-04-27T03:19:13.510778Z 0 [Warning] [MY-011810] [Server] Insecure configuration for --pid-file: Location '/var/run/mysqld' in the path is accessible to all OS users. Consider choosing a different directory.
2025-04-26 21:12:47,143 | 2025-04-27T03:19:13.529786Z 0 [System] [MY-011323] [Server] X Plugin ready for connections. Bind-address: '::' port: 33060, socket: /var/run/mysqld/mysqlx.sock
2025-04-26 21:12:47,143 | 2025-04-27T03:19:13.529861Z 0 [System] [MY-010931] [Server] /usr/sbin/mysqld: ready for connections. Version: '8.4.5'  socket: '/var/run/mysqld/mysqld.sock'  port: 3306  MySQL Community Server - GPL.
